<?xml version="1.0" encoding="UTF-8"?>
<testsuite xmlns:xsi="http://www.w3.org/2001/XMLSchema-instance" xsi:noNamespaceSchemaLocation="https://maven.apache.org/surefire/maven-surefire-plugin/xsd/surefire-test-report-3.0.xsd" version="3.0" name="com.ups.controller.AmazonApiControllerTest" time="4.468" tests="6" errors="0" skipped="0" failures="0">
  <properties>
    <property name="java.specification.version" value="17"/>
    <property name="sun.jnu.encoding" value="UTF-8"/>
    <property name="java.class.path" value="/home/jt454/erss-project-ys467-jt454/ups-delivery-system/target/test-classes:/home/jt454/erss-project-ys467-jt454/ups-delivery-system/target/classes:/root/.m2/repository/org/springframework/boot/spring-boot-starter-web/3.1.3/spring-boot-starter-web-3.1.3.jar:/root/.m2/repository/org/springframework/boot/spring-boot-starter/3.1.3/spring-boot-starter-3.1.3.jar:/root/.m2/repository/org/springframework/boot/spring-boot/3.1.3/spring-boot-3.1.3.jar:/root/.m2/repository/org/springframework/boot/spring-boot-autoconfigure/3.1.3/spring-boot-autoconfigure-3.1.3.jar:/root/.m2/repository/org/springframework/boot/spring-boot-starter-logging/3.1.3/spring-boot-starter-logging-3.1.3.jar:/root/.m2/repository/ch/qos/logback/logback-classic/1.4.11/logback-classic-1.4.11.jar:/root/.m2/repository/ch/qos/logback/logback-core/1.4.11/logback-core-1.4.11.jar:/root/.m2/repository/org/apache/logging/log4j/log4j-to-slf4j/2.20.0/log4j-to-slf4j-2.20.0.jar:/root/.m2/repository/org/apache/logging/log4j/log4j-api/2.20.0/log4j-api-2.20.0.jar:/root/.m2/repository/org/slf4j/jul-to-slf4j/2.0.7/jul-to-slf4j-2.0.7.jar:/root/.m2/repository/org/yaml/snakeyaml/1.33/snakeyaml-1.33.jar:/root/.m2/repository/org/springframework/boot/spring-boot-starter-json/3.1.3/spring-boot-starter-json-3.1.3.jar:/root/.m2/repository/com/fasterxml/jackson/datatype/jackson-datatype-jdk8/2.15.2/jackson-datatype-jdk8-2.15.2.jar:/root/.m2/repository/com/fasterxml/jackson/module/jackson-module-parameter-names/2.15.2/jackson-module-parameter-names-2.15.2.jar:/root/.m2/repository/org/springframework/boot/spring-boot-starter-tomcat/3.1.3/spring-boot-starter-tomcat-3.1.3.jar:/root/.m2/repository/org/apache/tomcat/embed/tomcat-embed-core/10.1.12/tomcat-embed-core-10.1.12.jar:/root/.m2/repository/org/apache/tomcat/embed/tomcat-embed-el/10.1.12/tomcat-embed-el-10.1.12.jar:/root/.m2/repository/org/apache/tomcat/embed/tomcat-embed-websocket/10.1.12/tomcat-embed-websocket-10.1.12.jar:/root/.m2/repository/org/springframework/spring-web/6.0.11/spring-web-6.0.11.jar:/root/.m2/repository/org/springframework/spring-beans/6.0.11/spring-beans-6.0.11.jar:/root/.m2/repository/io/micrometer/micrometer-observation/1.11.3/micrometer-observation-1.11.3.jar:/root/.m2/repository/io/micrometer/micrometer-commons/1.11.3/micrometer-commons-1.11.3.jar:/root/.m2/repository/org/springframework/spring-webmvc/6.0.11/spring-webmvc-6.0.11.jar:/root/.m2/repository/org/springframework/spring-context/6.0.11/spring-context-6.0.11.jar:/root/.m2/repository/org/springframework/spring-expression/6.0.11/spring-expression-6.0.11.jar:/root/.m2/repository/org/springframework/boot/spring-boot-starter-data-jpa/3.1.3/spring-boot-starter-data-jpa-3.1.3.jar:/root/.m2/repository/org/springframework/boot/spring-boot-starter-aop/3.1.3/spring-boot-starter-aop-3.1.3.jar:/root/.m2/repository/org/aspectj/aspectjweaver/1.9.20/aspectjweaver-1.9.20.jar:/root/.m2/repository/org/springframework/boot/spring-boot-starter-jdbc/3.1.3/spring-boot-starter-jdbc-3.1.3.jar:/root/.m2/repository/com/zaxxer/HikariCP/5.0.1/HikariCP-5.0.1.jar:/root/.m2/repository/org/springframework/spring-jdbc/6.0.11/spring-jdbc-6.0.11.jar:/root/.m2/repository/org/hibernate/orm/hibernate-core/6.2.7.Final/hibernate-core-6.2.7.Final.jar:/root/.m2/repository/jakarta/persistence/jakarta.persistence-api/3.1.0/jakarta.persistence-api-3.1.0.jar:/root/.m2/repository/jakarta/transaction/jakarta.transaction-api/2.0.1/jakarta.transaction-api-2.0.1.jar:/root/.m2/repository/org/jboss/logging/jboss-logging/3.5.3.Final/jboss-logging-3.5.3.Final.jar:/root/.m2/repository/org/hibernate/common/hibernate-commons-annotations/6.0.6.Final/hibernate-commons-annotations-6.0.6.Final.jar:/root/.m2/repository/io/smallrye/jandex/3.0.5/jandex-3.0.5.jar:/root/.m2/repository/com/fasterxml/classmate/1.5.1/classmate-1.5.1.jar:/root/.m2/repository/org/glassfish/jaxb/jaxb-runtime/4.0.3/jaxb-runtime-4.0.3.jar:/root/.m2/repository/org/glassfish/jaxb/jaxb-core/4.0.3/jaxb-core-4.0.3.jar:/root/.m2/repository/org/eclipse/angus/angus-activation/2.0.1/angus-activation-2.0.1.jar:/root/.m2/repository/org/glassfish/jaxb/txw2/4.0.3/txw2-4.0.3.jar:/root/.m2/repository/com/sun/istack/istack-commons-runtime/4.1.2/istack-commons-runtime-4.1.2.jar:/root/.m2/repository/jakarta/inject/jakarta.inject-api/2.0.1/jakarta.inject-api-2.0.1.jar:/root/.m2/repository/org/antlr/antlr4-runtime/4.10.1/antlr4-runtime-4.10.1.jar:/root/.m2/repository/org/springframework/data/spring-data-jpa/3.1.3/spring-data-jpa-3.1.3.jar:/root/.m2/repository/org/springframework/data/spring-data-commons/3.1.3/spring-data-commons-3.1.3.jar:/root/.m2/repository/org/springframework/spring-orm/6.0.11/spring-orm-6.0.11.jar:/root/.m2/repository/org/springframework/spring-tx/6.0.11/spring-tx-6.0.11.jar:/root/.m2/repository/org/slf4j/slf4j-api/2.0.7/slf4j-api-2.0.7.jar:/root/.m2/repository/org/springframework/spring-aspects/6.0.11/spring-aspects-6.0.11.jar:/root/.m2/repository/org/springframework/boot/spring-boot-starter-security/3.1.3/spring-boot-starter-security-3.1.3.jar:/root/.m2/repository/org/springframework/spring-aop/6.0.11/spring-aop-6.0.11.jar:/root/.m2/repository/org/springframework/security/spring-security-config/6.1.3/spring-security-config-6.1.3.jar:/root/.m2/repository/org/springframework/security/spring-security-web/6.1.3/spring-security-web-6.1.3.jar:/root/.m2/repository/org/springframework/boot/spring-boot-starter-thymeleaf/3.1.3/spring-boot-starter-thymeleaf-3.1.3.jar:/root/.m2/repository/org/thymeleaf/thymeleaf-spring6/3.1.2.RELEASE/thymeleaf-spring6-3.1.2.RELEASE.jar:/root/.m2/repository/org/thymeleaf/thymeleaf/3.1.2.RELEASE/thymeleaf-3.1.2.RELEASE.jar:/root/.m2/repository/org/attoparser/attoparser/2.0.7.RELEASE/attoparser-2.0.7.RELEASE.jar:/root/.m2/repository/org/unbescape/unbescape/1.1.6.RELEASE/unbescape-1.1.6.RELEASE.jar:/root/.m2/repository/com/h2database/h2/2.1.214/h2-2.1.214.jar:/root/.m2/repository/org/postgresql/postgresql/42.6.0/postgresql-42.6.0.jar:/root/.m2/repository/org/checkerframework/checker-qual/3.31.0/checker-qual-3.31.0.jar:/root/.m2/repository/com/google/protobuf/protobuf-java/3.21.7/protobuf-java-3.21.7.jar:/root/.m2/repository/jakarta/annotation/jakarta.annotation-api/2.1.1/jakarta.annotation-api-2.1.1.jar:/root/.m2/repository/com/fasterxml/jackson/core/jackson-databind/2.15.2/jackson-databind-2.15.2.jar:/root/.m2/repository/com/fasterxml/jackson/core/jackson-annotations/2.15.2/jackson-annotations-2.15.2.jar:/root/.m2/repository/com/fasterxml/jackson/core/jackson-core/2.15.2/jackson-core-2.15.2.jar:/root/.m2/repository/com/fasterxml/jackson/datatype/jackson-datatype-jsr310/2.15.2/jackson-datatype-jsr310-2.15.2.jar:/root/.m2/repository/org/springframework/boot/spring-boot-starter-test/3.1.3/spring-boot-starter-test-3.1.3.jar:/root/.m2/repository/org/springframework/boot/spring-boot-test/3.1.3/spring-boot-test-3.1.3.jar:/root/.m2/repository/org/springframework/boot/spring-boot-test-autoconfigure/3.1.3/spring-boot-test-autoconfigure-3.1.3.jar:/root/.m2/repository/com/jayway/jsonpath/json-path/2.8.0/json-path-2.8.0.jar:/root/.m2/repository/jakarta/xml/bind/jakarta.xml.bind-api/4.0.0/jakarta.xml.bind-api-4.0.0.jar:/root/.m2/repository/jakarta/activation/jakarta.activation-api/2.1.2/jakarta.activation-api-2.1.2.jar:/root/.m2/repository/net/minidev/json-smart/2.4.11/json-smart-2.4.11.jar:/root/.m2/repository/net/minidev/accessors-smart/2.4.11/accessors-smart-2.4.11.jar:/root/.m2/repository/org/ow2/asm/asm/9.3/asm-9.3.jar:/root/.m2/repository/org/assertj/assertj-core/3.24.2/assertj-core-3.24.2.jar:/root/.m2/repository/org/hamcrest/hamcrest/2.2/hamcrest-2.2.jar:/root/.m2/repository/org/junit/jupiter/junit-jupiter/5.9.3/junit-jupiter-5.9.3.jar:/root/.m2/repository/org/junit/jupiter/junit-jupiter-params/5.9.3/junit-jupiter-params-5.9.3.jar:/root/.m2/repository/org/junit/jupiter/junit-jupiter-engine/5.9.3/junit-jupiter-engine-5.9.3.jar:/root/.m2/repository/org/junit/platform/junit-platform-engine/1.9.3/junit-platform-engine-1.9.3.jar:/root/.m2/repository/org/mockito/mockito-junit-jupiter/5.3.1/mockito-junit-jupiter-5.3.1.jar:/root/.m2/repository/org/skyscreamer/jsonassert/1.5.1/jsonassert-1.5.1.jar:/root/.m2/repository/com/vaadin/external/google/android-json/0.0.20131108.vaadin1/android-json-0.0.20131108.vaadin1.jar:/root/.m2/repository/org/springframework/spring-core/6.0.11/spring-core-6.0.11.jar:/root/.m2/repository/org/springframework/spring-jcl/6.0.11/spring-jcl-6.0.11.jar:/root/.m2/repository/org/springframework/spring-test/6.0.11/spring-test-6.0.11.jar:/root/.m2/repository/org/xmlunit/xmlunit-core/2.9.1/xmlunit-core-2.9.1.jar:/root/.m2/repository/org/junit/jupiter/junit-jupiter-api/5.9.3/junit-jupiter-api-5.9.3.jar:/root/.m2/repository/org/opentest4j/opentest4j/1.2.0/opentest4j-1.2.0.jar:/root/.m2/repository/org/junit/platform/junit-platform-commons/1.9.3/junit-platform-commons-1.9.3.jar:/root/.m2/repository/org/apiguardian/apiguardian-api/1.1.2/apiguardian-api-1.1.2.jar:/root/.m2/repository/org/mockito/mockito-core/5.3.1/mockito-core-5.3.1.jar:/root/.m2/repository/net/bytebuddy/byte-buddy/1.14.6/byte-buddy-1.14.6.jar:/root/.m2/repository/net/bytebuddy/byte-buddy-agent/1.14.6/byte-buddy-agent-1.14.6.jar:/root/.m2/repository/org/objenesis/objenesis/3.3/objenesis-3.3.jar:/root/.m2/repository/org/springframework/security/spring-security-test/6.1.3/spring-security-test-6.1.3.jar:/root/.m2/repository/org/springframework/security/spring-security-core/6.1.3/spring-security-core-6.1.3.jar:/root/.m2/repository/org/springframework/security/spring-security-crypto/6.1.3/spring-security-crypto-6.1.3.jar:"/>
    <property name="java.vm.vendor" value="Ubuntu"/>
    <property name="sun.arch.data.model" value="64"/>
    <property name="java.vendor.url" value="https://ubuntu.com/"/>
    <property name="user.timezone" value="America/New_York"/>
    <property name="org.jboss.logging.provider" value="slf4j"/>
    <property name="os.name" value="Linux"/>
    <property name="java.vm.specification.version" value="17"/>
    <property name="sun.java.launcher" value="SUN_STANDARD"/>
    <property name="user.country" value="US"/>
    <property name="sun.boot.library.path" value="/usr/lib/jvm/java-17-openjdk-amd64/lib"/>
    <property name="sun.java.command" value="/home/jt454/erss-project-ys467-jt454/ups-delivery-system/target/surefire/surefirebooter-20250427155445436_3.jar /home/jt454/erss-project-ys467-jt454/ups-delivery-system/target/surefire 2025-04-27T15-54-45_348-jvmRun1 surefire-20250427155445436_1tmp surefire_0-20250427155445436_2tmp"/>
    <property name="jdk.debug" value="release"/>
    <property name="surefire.test.class.path" value="/home/jt454/erss-project-ys467-jt454/ups-delivery-system/target/test-classes:/home/jt454/erss-project-ys467-jt454/ups-delivery-system/target/classes:/root/.m2/repository/org/springframework/boot/spring-boot-starter-web/3.1.3/spring-boot-starter-web-3.1.3.jar:/root/.m2/repository/org/springframework/boot/spring-boot-starter/3.1.3/spring-boot-starter-3.1.3.jar:/root/.m2/repository/org/springframework/boot/spring-boot/3.1.3/spring-boot-3.1.3.jar:/root/.m2/repository/org/springframework/boot/spring-boot-autoconfigure/3.1.3/spring-boot-autoconfigure-3.1.3.jar:/root/.m2/repository/org/springframework/boot/spring-boot-starter-logging/3.1.3/spring-boot-starter-logging-3.1.3.jar:/root/.m2/repository/ch/qos/logback/logback-classic/1.4.11/logback-classic-1.4.11.jar:/root/.m2/repository/ch/qos/logback/logback-core/1.4.11/logback-core-1.4.11.jar:/root/.m2/repository/org/apache/logging/log4j/log4j-to-slf4j/2.20.0/log4j-to-slf4j-2.20.0.jar:/root/.m2/repository/org/apache/logging/log4j/log4j-api/2.20.0/log4j-api-2.20.0.jar:/root/.m2/repository/org/slf4j/jul-to-slf4j/2.0.7/jul-to-slf4j-2.0.7.jar:/root/.m2/repository/org/yaml/snakeyaml/1.33/snakeyaml-1.33.jar:/root/.m2/repository/org/springframework/boot/spring-boot-starter-json/3.1.3/spring-boot-starter-json-3.1.3.jar:/root/.m2/repository/com/fasterxml/jackson/datatype/jackson-datatype-jdk8/2.15.2/jackson-datatype-jdk8-2.15.2.jar:/root/.m2/repository/com/fasterxml/jackson/module/jackson-module-parameter-names/2.15.2/jackson-module-parameter-names-2.15.2.jar:/root/.m2/repository/org/springframework/boot/spring-boot-starter-tomcat/3.1.3/spring-boot-starter-tomcat-3.1.3.jar:/root/.m2/repository/org/apache/tomcat/embed/tomcat-embed-core/10.1.12/tomcat-embed-core-10.1.12.jar:/root/.m2/repository/org/apache/tomcat/embed/tomcat-embed-el/10.1.12/tomcat-embed-el-10.1.12.jar:/root/.m2/repository/org/apache/tomcat/embed/tomcat-embed-websocket/10.1.12/tomcat-embed-websocket-10.1.12.jar:/root/.m2/repository/org/springframework/spring-web/6.0.11/spring-web-6.0.11.jar:/root/.m2/repository/org/springframework/spring-beans/6.0.11/spring-beans-6.0.11.jar:/root/.m2/repository/io/micrometer/micrometer-observation/1.11.3/micrometer-observation-1.11.3.jar:/root/.m2/repository/io/micrometer/micrometer-commons/1.11.3/micrometer-commons-1.11.3.jar:/root/.m2/repository/org/springframework/spring-webmvc/6.0.11/spring-webmvc-6.0.11.jar:/root/.m2/repository/org/springframework/spring-context/6.0.11/spring-context-6.0.11.jar:/root/.m2/repository/org/springframework/spring-expression/6.0.11/spring-expression-6.0.11.jar:/root/.m2/repository/org/springframework/boot/spring-boot-starter-data-jpa/3.1.3/spring-boot-starter-data-jpa-3.1.3.jar:/root/.m2/repository/org/springframework/boot/spring-boot-starter-aop/3.1.3/spring-boot-starter-aop-3.1.3.jar:/root/.m2/repository/org/aspectj/aspectjweaver/1.9.20/aspectjweaver-1.9.20.jar:/root/.m2/repository/org/springframework/boot/spring-boot-starter-jdbc/3.1.3/spring-boot-starter-jdbc-3.1.3.jar:/root/.m2/repository/com/zaxxer/HikariCP/5.0.1/HikariCP-5.0.1.jar:/root/.m2/repository/org/springframework/spring-jdbc/6.0.11/spring-jdbc-6.0.11.jar:/root/.m2/repository/org/hibernate/orm/hibernate-core/6.2.7.Final/hibernate-core-6.2.7.Final.jar:/root/.m2/repository/jakarta/persistence/jakarta.persistence-api/3.1.0/jakarta.persistence-api-3.1.0.jar:/root/.m2/repository/jakarta/transaction/jakarta.transaction-api/2.0.1/jakarta.transaction-api-2.0.1.jar:/root/.m2/repository/org/jboss/logging/jboss-logging/3.5.3.Final/jboss-logging-3.5.3.Final.jar:/root/.m2/repository/org/hibernate/common/hibernate-commons-annotations/6.0.6.Final/hibernate-commons-annotations-6.0.6.Final.jar:/root/.m2/repository/io/smallrye/jandex/3.0.5/jandex-3.0.5.jar:/root/.m2/repository/com/fasterxml/classmate/1.5.1/classmate-1.5.1.jar:/root/.m2/repository/org/glassfish/jaxb/jaxb-runtime/4.0.3/jaxb-runtime-4.0.3.jar:/root/.m2/repository/org/glassfish/jaxb/jaxb-core/4.0.3/jaxb-core-4.0.3.jar:/root/.m2/repository/org/eclipse/angus/angus-activation/2.0.1/angus-activation-2.0.1.jar:/root/.m2/repository/org/glassfish/jaxb/txw2/4.0.3/txw2-4.0.3.jar:/root/.m2/repository/com/sun/istack/istack-commons-runtime/4.1.2/istack-commons-runtime-4.1.2.jar:/root/.m2/repository/jakarta/inject/jakarta.inject-api/2.0.1/jakarta.inject-api-2.0.1.jar:/root/.m2/repository/org/antlr/antlr4-runtime/4.10.1/antlr4-runtime-4.10.1.jar:/root/.m2/repository/org/springframework/data/spring-data-jpa/3.1.3/spring-data-jpa-3.1.3.jar:/root/.m2/repository/org/springframework/data/spring-data-commons/3.1.3/spring-data-commons-3.1.3.jar:/root/.m2/repository/org/springframework/spring-orm/6.0.11/spring-orm-6.0.11.jar:/root/.m2/repository/org/springframework/spring-tx/6.0.11/spring-tx-6.0.11.jar:/root/.m2/repository/org/slf4j/slf4j-api/2.0.7/slf4j-api-2.0.7.jar:/root/.m2/repository/org/springframework/spring-aspects/6.0.11/spring-aspects-6.0.11.jar:/root/.m2/repository/org/springframework/boot/spring-boot-starter-security/3.1.3/spring-boot-starter-security-3.1.3.jar:/root/.m2/repository/org/springframework/spring-aop/6.0.11/spring-aop-6.0.11.jar:/root/.m2/repository/org/springframework/security/spring-security-config/6.1.3/spring-security-config-6.1.3.jar:/root/.m2/repository/org/springframework/security/spring-security-web/6.1.3/spring-security-web-6.1.3.jar:/root/.m2/repository/org/springframework/boot/spring-boot-starter-thymeleaf/3.1.3/spring-boot-starter-thymeleaf-3.1.3.jar:/root/.m2/repository/org/thymeleaf/thymeleaf-spring6/3.1.2.RELEASE/thymeleaf-spring6-3.1.2.RELEASE.jar:/root/.m2/repository/org/thymeleaf/thymeleaf/3.1.2.RELEASE/thymeleaf-3.1.2.RELEASE.jar:/root/.m2/repository/org/attoparser/attoparser/2.0.7.RELEASE/attoparser-2.0.7.RELEASE.jar:/root/.m2/repository/org/unbescape/unbescape/1.1.6.RELEASE/unbescape-1.1.6.RELEASE.jar:/root/.m2/repository/com/h2database/h2/2.1.214/h2-2.1.214.jar:/root/.m2/repository/org/postgresql/postgresql/42.6.0/postgresql-42.6.0.jar:/root/.m2/repository/org/checkerframework/checker-qual/3.31.0/checker-qual-3.31.0.jar:/root/.m2/repository/com/google/protobuf/protobuf-java/3.21.7/protobuf-java-3.21.7.jar:/root/.m2/repository/jakarta/annotation/jakarta.annotation-api/2.1.1/jakarta.annotation-api-2.1.1.jar:/root/.m2/repository/com/fasterxml/jackson/core/jackson-databind/2.15.2/jackson-databind-2.15.2.jar:/root/.m2/repository/com/fasterxml/jackson/core/jackson-annotations/2.15.2/jackson-annotations-2.15.2.jar:/root/.m2/repository/com/fasterxml/jackson/core/jackson-core/2.15.2/jackson-core-2.15.2.jar:/root/.m2/repository/com/fasterxml/jackson/datatype/jackson-datatype-jsr310/2.15.2/jackson-datatype-jsr310-2.15.2.jar:/root/.m2/repository/org/springframework/boot/spring-boot-starter-test/3.1.3/spring-boot-starter-test-3.1.3.jar:/root/.m2/repository/org/springframework/boot/spring-boot-test/3.1.3/spring-boot-test-3.1.3.jar:/root/.m2/repository/org/springframework/boot/spring-boot-test-autoconfigure/3.1.3/spring-boot-test-autoconfigure-3.1.3.jar:/root/.m2/repository/com/jayway/jsonpath/json-path/2.8.0/json-path-2.8.0.jar:/root/.m2/repository/jakarta/xml/bind/jakarta.xml.bind-api/4.0.0/jakarta.xml.bind-api-4.0.0.jar:/root/.m2/repository/jakarta/activation/jakarta.activation-api/2.1.2/jakarta.activation-api-2.1.2.jar:/root/.m2/repository/net/minidev/json-smart/2.4.11/json-smart-2.4.11.jar:/root/.m2/repository/net/minidev/accessors-smart/2.4.11/accessors-smart-2.4.11.jar:/root/.m2/repository/org/ow2/asm/asm/9.3/asm-9.3.jar:/root/.m2/repository/org/assertj/assertj-core/3.24.2/assertj-core-3.24.2.jar:/root/.m2/repository/org/hamcrest/hamcrest/2.2/hamcrest-2.2.jar:/root/.m2/repository/org/junit/jupiter/junit-jupiter/5.9.3/junit-jupiter-5.9.3.jar:/root/.m2/repository/org/junit/jupiter/junit-jupiter-params/5.9.3/junit-jupiter-params-5.9.3.jar:/root/.m2/repository/org/junit/jupiter/junit-jupiter-engine/5.9.3/junit-jupiter-engine-5.9.3.jar:/root/.m2/repository/org/junit/platform/junit-platform-engine/1.9.3/junit-platform-engine-1.9.3.jar:/root/.m2/repository/org/mockito/mockito-junit-jupiter/5.3.1/mockito-junit-jupiter-5.3.1.jar:/root/.m2/repository/org/skyscreamer/jsonassert/1.5.1/jsonassert-1.5.1.jar:/root/.m2/repository/com/vaadin/external/google/android-json/0.0.20131108.vaadin1/android-json-0.0.20131108.vaadin1.jar:/root/.m2/repository/org/springframework/spring-core/6.0.11/spring-core-6.0.11.jar:/root/.m2/repository/org/springframework/spring-jcl/6.0.11/spring-jcl-6.0.11.jar:/root/.m2/repository/org/springframework/spring-test/6.0.11/spring-test-6.0.11.jar:/root/.m2/repository/org/xmlunit/xmlunit-core/2.9.1/xmlunit-core-2.9.1.jar:/root/.m2/repository/org/junit/jupiter/junit-jupiter-api/5.9.3/junit-jupiter-api-5.9.3.jar:/root/.m2/repository/org/opentest4j/opentest4j/1.2.0/opentest4j-1.2.0.jar:/root/.m2/repository/org/junit/platform/junit-platform-commons/1.9.3/junit-platform-commons-1.9.3.jar:/root/.m2/repository/org/apiguardian/apiguardian-api/1.1.2/apiguardian-api-1.1.2.jar:/root/.m2/repository/org/mockito/mockito-core/5.3.1/mockito-core-5.3.1.jar:/root/.m2/repository/net/bytebuddy/byte-buddy/1.14.6/byte-buddy-1.14.6.jar:/root/.m2/repository/net/bytebuddy/byte-buddy-agent/1.14.6/byte-buddy-agent-1.14.6.jar:/root/.m2/repository/org/objenesis/objenesis/3.3/objenesis-3.3.jar:/root/.m2/repository/org/springframework/security/spring-security-test/6.1.3/spring-security-test-6.1.3.jar:/root/.m2/repository/org/springframework/security/spring-security-core/6.1.3/spring-security-core-6.1.3.jar:/root/.m2/repository/org/springframework/security/spring-security-crypto/6.1.3/spring-security-crypto-6.1.3.jar:"/>
    <property name="sun.cpu.endian" value="little"/>
    <property name="user.home" value="/root"/>
    <property name="user.language" value="en"/>
    <property name="java.specification.vendor" value="Oracle Corporation"/>
    <property name="java.version.date" value="2025-01-21"/>
    <property name="java.home" value="/usr/lib/jvm/java-17-openjdk-amd64"/>
    <property name="file.separator" value="/"/>
    <property name="basedir" value="/home/jt454/erss-project-ys467-jt454/ups-delivery-system"/>
    <property name="java.vm.compressedOopsMode" value="32-bit"/>
    <property name="line.separator" value="&#10;"/>
    <property name="java.vm.specification.vendor" value="Oracle Corporation"/>
    <property name="java.specification.name" value="Java Platform API Specification"/>
    <property name="FILE_LOG_CHARSET" value="UTF-8"/>
    <property name="java.awt.headless" value="true"/>
    <property name="surefire.real.class.path" value="/home/jt454/erss-project-ys467-jt454/ups-delivery-system/target/surefire/surefirebooter-20250427155445436_3.jar"/>
    <property name="sun.management.compiler" value="HotSpot 64-Bit Tiered Compilers"/>
    <property name="java.runtime.version" value="17.0.14+7-Ubuntu-124.04"/>
    <property name="user.name" value="root"/>
    <property name="path.separator" value=":"/>
    <property name="os.version" value="6.8.0-58-generic"/>
    <property name="java.runtime.name" value="OpenJDK Runtime Environment"/>
    <property name="file.encoding" value="UTF-8"/>
    <property name="java.vm.name" value="OpenJDK 64-Bit Server VM"/>
    <property name="localRepository" value="/root/.m2/repository"/>
    <property name="java.vendor.url.bug" value="https://bugs.launchpad.net/ubuntu/+source/openjdk-17"/>
    <property name="java.io.tmpdir" value="/tmp"/>
    <property name="com.zaxxer.hikari.pool_number" value="1"/>
    <property name="java.version" value="17.0.14"/>
    <property name="user.dir" value="/home/jt454/erss-project-ys467-jt454/ups-delivery-system"/>
    <property name="os.arch" value="amd64"/>
    <property name="java.vm.specification.name" value="Java Virtual Machine Specification"/>
    <property name="PID" value="70111"/>
    <property name="CONSOLE_LOG_CHARSET" value="UTF-8"/>
    <property name="native.encoding" value="UTF-8"/>
    <property name="java.library.path" value="/usr/java/packages/lib:/usr/lib/x86_64-linux-gnu/jni:/lib/x86_64-linux-gnu:/usr/lib/x86_64-linux-gnu:/usr/lib/jni:/lib:/usr/lib"/>
    <property name="java.vm.info" value="mixed mode, sharing"/>
    <property name="java.vendor" value="Ubuntu"/>
    <property name="java.vm.version" value="17.0.14+7-Ubuntu-124.04"/>
    <property name="java.specification.maintenance.version" value="1"/>
    <property name="sun.io.unicode.encoding" value="UnicodeLittle"/>
    <property name="java.class.version" value="61.0"/>
  </properties>
  <testcase name="testNotifyDeliveryComplete" classname="com.ups.controller.AmazonApiControllerTest" time="0.113">
    <system-out><![CDATA[15:55:06.038 [main] INFO org.springframework.test.context.support.AnnotationConfigContextLoaderUtils -- Could not detect default configuration classes for test class [com.ups.controller.AmazonApiControllerTest]: AmazonApiControllerTest does not declare any static, non-private, non-final, nested classes annotated with @Configuration.
15:55:06.169 [main] INFO org.springframework.boot.test.context.SpringBootTestContextBootstrapper -- Found @SpringBootConfiguration com.ups.UpsApplication for test class com.ups.controller.AmazonApiControllerTest

  .   ____          _            __ _ _
 /\\ / ___'_ __ _ _(_)_ __  __ _ \ \ \ \
( ( )\___ | '_ | '_| | '_ \/ _` | \ \ \ \
 \\/  ___)| |_)| | | | | || (_| |  ) ) ) )
  '  |____| .__|_| |_|_| |_\__, | / / / /
 =========|_|==============|___/=/_/_/_/
 :: Spring Boot ::                (v3.1.3)

2025-04-27T15:55:06.512-04:00  INFO 70111 --- [           main] c.u.controller.AmazonApiControllerTest   : Starting AmazonApiControllerTest using Java 17.0.14 with PID 70111 (started by root in /home/jt454/erss-project-ys467-jt454/ups-delivery-system)
2025-04-27T15:55:06.514-04:00  INFO 70111 --- [           main] c.u.controller.AmazonApiControllerTest   : No active profile set, falling back to 1 default profile: "default"
2025-04-27T15:55:07.056-04:00  INFO 70111 --- [           main] .s.d.r.c.RepositoryConfigurationDelegate : Bootstrapping Spring Data JPA repositories in DEFAULT mode.
2025-04-27T15:55:07.118-04:00  INFO 70111 --- [           main] .s.d.r.c.RepositoryConfigurationDelegate : Finished Spring Data repository scanning in 55 ms. Found 6 JPA repository interfaces.
2025-04-27T15:55:07.821-04:00  INFO 70111 --- [           main] o.s.o.j.p.SpringPersistenceUnitInfo      : No LoadTimeWeaver setup: ignoring JPA class transformer
2025-04-27T15:55:07.834-04:00  INFO 70111 --- [           main] com.zaxxer.hikari.HikariDataSource       : HikariPool-1 - Starting...
2025-04-27T15:55:07.996-04:00  INFO 70111 --- [           main] com.zaxxer.hikari.pool.HikariPool        : HikariPool-1 - Added connection conn0: url=jdbc:h2:mem:upsdb user=SA
2025-04-27T15:55:07.997-04:00  INFO 70111 --- [           main] com.zaxxer.hikari.HikariDataSource       : HikariPool-1 - Start completed.
Hibernate: 
    create table message_logs (
        id bigint generated by default as identity,
        acknowledged timestamp(6) with time zone,
        direction varchar(255),
        error_message varchar(255),
        message_type varchar(255),
        seq_num bigint,
        timestamp timestamp(6) with time zone,
        primary key (id)
    )
Hibernate: 
    create table package_item (
        id bigint generated by default as identity,
        count integer,
        description varchar(255),
        product_id bigint,
        package_id bigint,
        primary key (id)
    )
Hibernate: 
    create table packages (
        id bigint not null,
        created_at timestamp(6) with time zone,
        destinationx integer,
        destinationy integer,
        status varchar(255) check (status in ('CREATED','PACKING','PACKED','ASSIGNED','PICKUP_READY','LOADING','LOADED','OUT_FOR_DELIVERY','DELIVERING','DELIVERED','FAILED')),
        updated_at timestamp(6) with time zone,
        truck_id integer,
        user_id bigint,
        warehouse_id integer,
        primary key (id)
    )
Hibernate: 
    create table truck (
        id integer not null,
        status varchar(255) check (status in ('IDLE','TRAVELING','ARRIVE_WAREHOUSE','LOADING','DELIVERING')),
        x integer,
        y integer,
        primary key (id)
    )
Hibernate: 
    create table users (
        id bigint generated by default as identity,
        email varchar(255),
        enabled boolean not null,
        password varchar(255),
        username varchar(255),
        primary key (id)
    )
Hibernate: 
    create table warehouse (
        id integer not null,
        x integer,
        y integer,
        primary key (id)
    )
Hibernate: 
    create index idx_message_log_seq_num 
       on message_logs (seq_num)
Hibernate: 
    create index idx_message_log_timestamp 
       on message_logs (timestamp)
Hibernate: 
    create index idx_message_log_direction 
       on message_logs (direction)
Hibernate: 
    alter table if exists users 
       drop constraint if exists UK_6dotkott2kjsp8vw4d0m25fb7
Hibernate: 
    alter table if exists users 
       add constraint UK_6dotkott2kjsp8vw4d0m25fb7 unique (email)
Hibernate: 
    alter table if exists users 
       drop constraint if exists UK_r43af9ap4edm43mmtq01oddj6
Hibernate: 
    alter table if exists users 
       add constraint UK_r43af9ap4edm43mmtq01oddj6 unique (username)
Hibernate: 
    create sequence truck_seq start with 1 increment by 50
Hibernate: 
    alter table if exists package_item 
       add constraint FKnns4sgxb4vcfuos460dyr3tii 
       foreign key (package_id) 
       references packages
Hibernate: 
    alter table if exists packages 
       add constraint FK1l3cow02gm6ypmth828yyf39w 
       foreign key (truck_id) 
       references truck
Hibernate: 
    alter table if exists packages 
       add constraint FKcj3syi9lcukrlsh6o4llk0t8f 
       foreign key (user_id) 
       references users
Hibernate: 
    alter table if exists packages 
       add constraint FKow5fgj4kedc0c766qmcb0sjd0 
       foreign key (warehouse_id) 
       references warehouse
2025-04-27T15:55:08.771-04:00  INFO 70111 --- [           main] j.LocalContainerEntityManagerFactoryBean : Initialized JPA EntityManagerFactory for persistence unit 'default'
2025-04-27T15:55:09.198-04:00  INFO 70111 --- [           main] o.s.d.j.r.query.QueryEnhancerFactory     : Hibernate is in classpath; If applicable, HQL parser will be used.
2025-04-27T15:55:09.578-04:00  INFO 70111 --- [           main] c.ups.service.AmazonNotificationService  : Initializing Amazon Notification Service with URL: http://localhost:8081
2025-04-27T15:55:09.655-04:00  WARN 70111 --- [           main] JpaBaseConfiguration$JpaWebConfiguration : spring.jpa.open-in-view is enabled by default. Therefore, database queries may be performed during view rendering. Explicitly configure spring.jpa.open-in-view to disable this warning
2025-04-27T15:55:09.789-04:00  INFO 70111 --- [           main] o.s.s.web.DefaultSecurityFilterChain     : Will secure any request with [org.springframework.security.web.session.DisableEncodeUrlFilter@393e6bdd, org.springframework.security.web.context.request.async.WebAsyncManagerIntegrationFilter@7d5e165, org.springframework.security.web.context.SecurityContextHolderFilter@49842c0d, org.springframework.security.web.header.HeaderWriterFilter@1b94df68, org.springframework.security.web.csrf.CsrfFilter@33b3e47, org.springframework.security.web.authentication.logout.LogoutFilter@1cf5236d, org.springframework.security.web.authentication.UsernamePasswordAuthenticationFilter@2153f0d7, org.springframework.security.web.savedrequest.RequestCacheAwareFilter@5e05f3eb, org.springframework.security.web.servletapi.SecurityContextHolderAwareRequestFilter@1b3fff29, org.springframework.security.web.authentication.AnonymousAuthenticationFilter@7adf0ff9, org.springframework.security.web.access.ExceptionTranslationFilter@7db644d5, org.springframework.security.web.access.intercept.AuthorizationFilter@253c82ad]
2025-04-27T15:55:10.099-04:00  INFO 70111 --- [           main] o.s.b.a.h2.H2ConsoleAutoConfiguration    : H2 console available at '/h2-console'. Database available at 'jdbc:h2:mem:upsdb'
2025-04-27T15:55:10.173-04:00  INFO 70111 --- [           main] o.s.b.t.m.w.SpringBootMockServletContext : Initializing Spring TestDispatcherServlet ''
2025-04-27T15:55:10.173-04:00  INFO 70111 --- [           main] o.s.t.web.servlet.TestDispatcherServlet  : Initializing Servlet ''
2025-04-27T15:55:10.174-04:00  INFO 70111 --- [           main] o.s.t.web.servlet.TestDispatcherServlet  : Completed initialization in 1 ms
2025-04-27T15:55:10.199-04:00  INFO 70111 --- [   scheduling-1] c.ups.service.AmazonNotificationService  : Cleaning up response cache, current size: 0
2025-04-27T15:55:10.200-04:00  INFO 70111 --- [           main] c.u.controller.AmazonApiControllerTest   : Started AmazonApiControllerTest in 3.905 seconds (process running for 24.701)
2025-04-27T15:55:10.203-04:00  INFO 70111 --- [           main] c.u.config.WorldResponseStartupListener  : Started World Response Processor thread
2025-04-27T15:55:10.203-04:00  INFO 70111 --- [sponseProcessor] com.ups.config.WorldResponseConfig       : Starting World Response Processor thread
2025-04-27T15:55:10.203-04:00  INFO 70111 --- [sponseProcessor] c.u.service.world.WorldResponseHandler   : Starting World Response Handler processing loop
Hibernate: 
    select
        m1_0.id 
    from
        message_logs m1_0 
    where
        m1_0.acknowledged is null 
        and m1_0.direction=?
2025-04-27T15:55:10.312-04:00  INFO 70111 --- [           main] com.ups.controller.AmazonApiController   : Received delivery complete notification for package: 1001, truck: 55
]]></system-out>
  </testcase>
  <testcase name="testUpdateShipmentStatus" classname="com.ups.controller.AmazonApiControllerTest" time="0.01">
    <system-out><![CDATA[2025-04-27T15:55:10.336-04:00  INFO 70111 --- [           main] com.ups.controller.AmazonApiController   : Received shipment status update for package: 1001, status: IN_TRANSIT
]]></system-out>
  </testcase>
  <testcase name="testCreateShipment" classname="com.ups.controller.AmazonApiControllerTest" time="0.052">
    <system-out><![CDATA[2025-04-27T15:55:10.350-04:00  INFO 70111 --- [           main] com.ups.controller.AmazonApiController   : Received createshipment request: 101
2025-04-27T15:55:10.351-04:00  INFO 70111 --- [           main] com.ups.controller.AmazonApiController   : Sending response with seq_num: 202
]]></system-out>
  </testcase>
  <testcase name="testQueryShipmentStatus" classname="com.ups.controller.AmazonApiControllerTest" time="0.013">
    <system-out><![CDATA[2025-04-27T15:55:10.399-04:00  INFO 70111 --- [           main] com.ups.controller.AmazonApiController   : Received queryshipmentstatus request for package: 1001
2025-04-27T15:55:10.400-04:00  WARN 70111 --- [           main] com.ups.controller.AmazonApiController   : Package not found with ID: 1001
]]></system-out>
  </testcase>
  <testcase name="testNotifyTruckArrived" classname="com.ups.controller.AmazonApiControllerTest" time="0.008">
    <system-out><![CDATA[2025-04-27T15:55:10.413-04:00  INFO 70111 --- [           main] com.ups.controller.AmazonApiController   : Received truck arrived notification for package: 1001, truck: 55
]]></system-out>
  </testcase>
  <testcase name="testChangeDestination" classname="com.ups.controller.AmazonApiControllerTest" time="0.012">
    <system-out><![CDATA[2025-04-27T15:55:10.423-04:00  INFO 70111 --- [           main] com.ups.controller.AmazonApiController   : Received changedestination request for package: 1001
2025-04-27T15:55:10.425-04:00  INFO 70111 --- [           main] com.ups.controller.AmazonApiController   : Updated delivery instructions for package 1001 to new destination (50,60)
2025-04-27T15:55:10.425-04:00  INFO 70111 --- [           main] com.ups.controller.AmazonApiController   : Successfully changed destination for package 1001 to (50,60)
]]></system-out>
  </testcase>
</testsuite>